<?xml version="1.0" encoding="UTF-8"?>
<!-- Generated by org.testng.reporters.JUnitReportReporter -->
<testsuite hostname="DESKTOP-O4MEOFR" failures="0" tests="1" name="IskilloTesting.DeletePostTest" time="6.474" errors="0" timestamp="2024-04-06T13:52:14 EEST" skipped="0">
  <testcase classname="IskilloTesting.DeletePostTest" name="deletePost" time="6.474"/>
  <system-out/>
</testsuite> <!-- IskilloTesting.DeletePostTest -->
