<?xml version="1.0" encoding="UTF-8"?>
<!-- Generated by org.testng.reporters.JUnitReportReporter -->
<testsuite hostname="DESKTOP-O4MEOFR" failures="0" tests="1" name="IskilloTesting.EditProfileTest" time="6.614" errors="0" timestamp="2024-04-06T13:52:14 EEST" skipped="0">
  <testcase classname="IskilloTesting.EditProfileTest" name="editProfileTest" time="6.614"/>
  <system-out/>
</testsuite> <!-- IskilloTesting.EditProfileTest -->
