<?xml version="1.0" encoding="UTF-8"?>
<!-- Generated by org.testng.reporters.JUnitReportReporter -->
<testsuite hostname="DESKTOP-O4MEOFR" failures="0" tests="2" name="IskilloTesting.PostTest" time="10.204" errors="0" timestamp="2024-04-06T13:52:14 EEST" skipped="0">
  <testcase classname="IskilloTesting.PostTest" name="createPostTest" time="5.312"/>
  <system-out/>
  <testcase classname="IskilloTesting.PostTest" name="createSecondPostTest" time="4.892"/>
  <system-out/>
</testsuite> <!-- IskilloTesting.PostTest -->
