<?xml version="1.0" encoding="UTF-8"?>
<!-- Generated by org.testng.reporters.JUnitReportReporter -->
<testsuite hostname="DESKTOP-O4MEOFR" failures="0" tests="1" name="IskilloTesting.CommentPostTest" time="9.348" errors="0" timestamp="2024-04-06T13:52:14 EEST" skipped="0">
  <testcase classname="IskilloTesting.CommentPostTest" name="commentPost" time="9.348"/>
  <system-out/>
</testsuite> <!-- IskilloTesting.CommentPostTest -->
